<?xml version="1.0"?>
<testsuite name="HeadlessChrome 83.0.4103 (Linux 0.0.0)" package="" timestamp="2020-06-13T20:30:22" id="0" hostname="fv-az98" tests="2" errors="0" failures="0" time="0.013">
  <properties>
    <property name="browser.fullName" value="Mozilla/5.0 (X11; Linux x86_64) AppleWebKit/537.36 (KHTML, like Gecko) HeadlessChrome/83.0.4103.97 Safari/537.36"/>
  </properties>
  <testcase name=" basic request/response" time="0.001" classname="undefined"/>
  <testcase name=" basic error" time="0.012" classname="undefined"/>
  <system-out>
    <![CDATA[HeadlessChrome 83.0.4103 (Linux 0.0.0) LOG: 'test1'

]]>
  </system-out>
  <system-err/>
</testsuite>